paho/test/pi-speed1 12.04
paho/test/pi-speed1 12.04
paho/test/pi-speed1 12.04
paho/test/pi-temp 62
paho/test/pi-speed1 8.28
paho/test/pi-speed1 6.99
paho/test/pi-temp 
paho/test/pi-speed1 8.43
paho/test/pi-speed1 2.01
paho/test/pi-speed1 11.76
paho/test/pi-speed1 8.53
paho/test/pi-temp 
paho/test/pi-speed1 5.20
paho/test/pi-speed1 8.37
paho/test/pi-speed1 6.83
paho/test/pi-speed1 4.39
paho/test/pi-temp 
paho/test/pi-speed1 10.54
paho/test/pi-speed1 11.89
paho/test/pi-speed1 5.45
paho/test/pi-speed1 12.62
paho/test/pi-temp 
paho/test/pi-speed1 6.36
paho/test/pi-speed1 1.82
paho/test/pi-speed1 7.34
paho/test/pi-temp 
paho/test/pi-speed1 7.43
paho/test/pi-speed1 4.93
paho/test/pi-speed1 4.38
paho/test/pi-speed1 7.23
paho/test/pi-temp 
paho/test/pi-speed1 2.46
paho/test/pi-speed1 8.67
paho/test/pi-speed1 8.09
paho/test/pi-speed1 16.53
paho/test/pi-temp 
paho/test/pi-speed1 10.40
paho/test/pi-speed1 6.48
paho/test/pi-speed1 11.73
paho/test/pi-speed1 5.47
paho/test/pi-temp 
paho/test/pi-speed1 8.14
paho/test/pi-speed1 13.86
paho/test/pi-speed1 14.07
paho/test/pi-speed1 8.65
paho/test/pi-temp 
paho/test/pi-speed1 10.58
paho/test/pi-speed1 8.63
paho/test/pi-speed1 7.89
paho/test/pi-speed1 8.62
paho/test/pi-temp 
paho/test/pi-speed1 2.43
paho/test/pi-speed1 13.19
paho/test/pi-speed1 15.50
paho/test/pi-speed1 12..
paho/test/pi-temp 
paho/test/pi-speed1 9.95
paho/test/pi-speed1 8.53
paho/test/pi-speed1 8.87
paho/test/pi-speed1 8.68
paho/test/pi-temp 
paho/test/pi-speed1 14.39
paho/test/pi-speed1 13.28
paho/test/pi-speed1 8.69
paho/test/pi-speed1 11.56
paho/test/pi-speed1 11.83
paho/test/pi-speed1 3.32
paho/test/pi-speed1 8.67
paho/test/pi-temp 
paho/test/pi-speed1 9.86
paho/test/pi-speed1 11.82
paho/test/pi-speed1 10.53
paho/test/pi-speed1 8.32
paho/test/pi-temp 
paho/test/pi-speed1 1.95
paho/test/pi-speed1 15.06
paho/test/pi-speed1 6.98
paho/test/pi-speed1 6.83
paho/test/pi-temp 
paho/test/pi-speed1 7.79
paho/test/pi-speed1 8.01
paho/test/pi-speed1 9.32
paho/test/pi-speed1 8.69
paho/test/pi-temp 
paho/test/pi-speed1 8.63
paho/test/pi-speed1 13.60
paho/test/pi-speed1 8.46
paho/test/pi-speed1 13.46
paho/test/pi-temp 
paho/test/pi-speed1 4.73
paho/test/pi-speed1 5.45
paho/test/pi-speed1 14.09
paho/test/pi-speed1 8.70
paho/test/pi-temp 38
paho/test/pi-temp 
paho/test/pi-temp 38
paho/test/pi-temp exist
paho/test/pi-temp exist
paho/test/pi-temp exist
paho/test/pi-temp 36
paho/test/pi-temp 38
paho/test/pi-speed1 12.42
paho/test/pi-speed1 3.95
paho/test/pi-speed1 6.44
paho/test/pi-speed1 11.31
paho/test/pi-temp 
paho/test/pi-speed1 13.05
paho/test/pi-speed1 8.68
paho/test/pi-speed1 8.58
paho/test/pi-speed1 10.02
paho/test/pi-temp 
paho/test/pi-speed1 10.86
paho/test/pi-speed1 5.65
paho/test/pi-speed1 14.08
paho/test/pi-speed1 17.47
paho/test/pi-temp 
paho/test/pi-speed1 9.53
paho/test/pi-speed1 7.33
paho/test/pi-speed1 5.15
paho/test/pi-speed1 2.81
paho/test/pi-temp 
paho/test/pi-speed1 8.65
paho/test/pi-speed1 7.11
paho/test/pi-speed1 11.81
paho/test/pi-speed1 8.65
paho/test/pi-temp 
paho/test/pi-speed1 12.60
paho/test/pi-speed1 7.40
paho/test/pi-speed1 2.21
paho/test/pi-speed1 11.73
paho/test/pi-speed1 12.63
paho/test/pi-temp 
paho/test/pi-speed1 11.51
paho/test/pi-speed1 4.44
paho/test/pi-speed1 8.67
paho/test/pi-speed1 8.47
paho/test/pi-temp 
paho/test/pi-speed1 5.36
paho/test/pi-speed1 5.19
paho/test/pi-speed1 1.84
paho/test/pi-speed1 9.36
paho/test/pi-temp 
paho/test/pi-speed1 7.84
paho/test/pi-speed1 1.94
paho/test/pi-speed1 8.71
paho/test/pi-speed1 4.17
paho/test/pi-temp 
paho/test/pi-speed1 7.81
paho/test/pi-speed1 14.43
paho/test/pi-speed1 14.97
paho/test/pi-speed1 8.68
paho/test/pi-temp 
paho/test/pi-speed1 3.83
paho/test/pi-speed1 11.48
paho/test/pi-speed1 8.44
paho/test/pi-speed1 8.44
paho/test/pi-temp 32
paho/test/pi-speed1 12.00
paho/test/pi-temp 
paho/test/pi-speed1 8.26
paho/test/pi-speed1 7.74
paho/test/pi-speed1 13.21
paho/test/pi-speed1 9.52
paho/test/pi-temp 
paho/test/pi-speed1 9.43
paho/test/pi-speed1 8.68
paho/test/pi-speed1 8.67
paho/test/pi-speed1 8.72
paho/test/pi-temp 
paho/test/pi-speed1 8.70
paho/test/pi-speed1 11.83
paho/test/pi-speed1 10.02
paho/test/pi-speed1 2.99
paho/test/pi-temp 
paho/test/pi-speed1 8.08
paho/test/pi-speed1 8.67
paho/test/pi-speed1 6.20
paho/test/pi-speed1 5.49
paho/test/pi-temp 
paho/test/pi-speed1 7.28
paho/test/pi-speed1 8.70
paho/test/pi-speed1 6.48
paho/test/pi-temp 
paho/test/pi-speed1 13.81
paho/test/pi-speed1 13.89
paho/test/pi-speed1 13.97
paho/test/pi-speed1 8.49
paho/test/pi-temp 
paho/test/pi-speed1 9.12
paho/test/pi-speed1 8.70
paho/test/pi-speed1 8.46
paho/test/pi-speed1 5.21
paho/test/pi-temp 
paho/test/pi-speed1 5.98
paho/test/pi-speed1 8.67
paho/test/pi-speed1 11.88
paho/test/pi-speed1 9.29
paho/test/pi-temp 
paho/test/pi-speed1 8.62
paho/test/pi-speed1 4.25
paho/test/pi-speed1 8.65
paho/test/pi-speed1 14.08
paho/test/pi-temp 
paho/test/pi-speed1 12.96
paho/test/pi-speed1 11.74
paho/test/pi-speed1 14.08
paho/test/pi-speed1 8.68
paho/test/pi-temp 
paho/test/pi-speed1 8.07
paho/test/pi-speed1 4.29
paho/test/pi-temp 
paho/test/pi-speed1 13.73
paho/test/pi-speed1 13.23
paho/test/pi-speed1 3.28
paho/test/pi-speed1 5.09
paho/test/pi-temp 
